<?xml version="1.0" encoding="UTF-8"?>
<!-- Generated by org.testng.reporters.JUnitReportReporter -->
<testsuite skipped="0" hostname="DESKTOP-9QHAP3G" name="com.policybazaar.smoke.CarInsurance" tests="10" failures="0" timestamp="2022-01-07T17:59:16 IST" time="67.591" errors="0">
  <testcase name="searchForCarInsurance" time="0.950" classname="com.policybazaar.smoke.CarInsurance"/>
  <system-out/>
  <testcase name="carNumber" time="3.238" classname="com.policybazaar.smoke.CarInsurance"/>
  <system-out/>
  <testcase name="fuel" time="1.301" classname="com.policybazaar.smoke.CarInsurance"/>
  <system-out/>
  <testcase name="fillDetails" time="4.630" classname="com.policybazaar.smoke.CarInsurance"/>
  <system-out/>
  <testcase name="fillDetails" time="4.656" classname="com.policybazaar.smoke.CarInsurance"/>
  <system-out/>
  <testcase name="fillDetails" time="4.688" classname="com.policybazaar.smoke.CarInsurance"/>
  <system-out/>
  <testcase name="fillDetails" time="33.364" classname="com.policybazaar.smoke.CarInsurance"/>
  <system-out/>
  <testcase name="fillDetails" time="4.654" classname="com.policybazaar.smoke.CarInsurance"/>
  <system-out/>
  <testcase name="fillDetails" time="4.646" classname="com.policybazaar.smoke.CarInsurance"/>
  <system-out/>
  <testcase name="fillDetails" time="5.464" classname="com.policybazaar.smoke.CarInsurance"/>
  <system-out/>
</testsuite> <!-- com.policybazaar.smoke.CarInsurance -->
