<?xml version="1.0" encoding="UTF-8"?>
<!-- Generated by org.testng.reporters.JUnitReportReporter -->
<testsuite skipped="0" hostname="DESKTOP-9QHAP3G" name="com.policybazaar.smoke.HealthInsurance" tests="1" failures="0" timestamp="2022-01-07T17:59:16 IST" time="0.564" errors="0">
  <testcase name="gethealthInsuranceList" time="0.564" classname="com.policybazaar.smoke.HealthInsurance"/>
  <system-out/>
</testsuite> <!-- com.policybazaar.smoke.HealthInsurance -->
