<?xml version="1.0" encoding="UTF-8"?>
<!-- Generated by org.testng.reporters.JUnitReportReporter -->
<testsuite skipped="0" hostname="DESKTOP-9QHAP3G" name="com.policybazaar.smoke.TravelInsurance" tests="8" failures="0" timestamp="2022-01-07T17:59:16 IST" time="11.972" errors="0">
  <testcase name="searchForTravelInsurance" time="1.768" classname="com.policybazaar.smoke.TravelInsurance"/>
  <system-out/>
  <testcase name="selectDestination" time="1.563" classname="com.policybazaar.smoke.TravelInsurance"/>
  <system-out/>
  <testcase name="selectDates" time="1.519" classname="com.policybazaar.smoke.TravelInsurance"/>
  <system-out/>
  <testcase name="selectNoOfPeople" time="0.583" classname="com.policybazaar.smoke.TravelInsurance"/>
  <system-out/>
  <testcase name="selectMedicalCondition" time="0.167" classname="com.policybazaar.smoke.TravelInsurance"/>
  <system-out/>
  <testcase name="enterMobileNumber" time="1.062" classname="com.policybazaar.smoke.TravelInsurance"/>
  <system-out/>
  <testcase name="sortByLowToHigh" time="4.947" classname="com.policybazaar.smoke.TravelInsurance"/>
  <system-out/>
  <testcase name="displayTopThree" time="0.363" classname="com.policybazaar.smoke.TravelInsurance"/>
  <system-out/>
</testsuite> <!-- com.policybazaar.smoke.TravelInsurance -->
