<?xml version="1.0" encoding="UTF-8"?>
<!-- Generated by org.testng.reporters.JUnitReportReporter -->
<testsuite skipped="0" hostname="DESKTOP-9QHAP3G" name="com.policybazaar.regression.ExcelData" tests="1" failures="0" timestamp="2022-01-04T22:34:31 IST" time="1.189" errors="0">
  <testcase name="readExcelData" time="1.189" classname="com.policybazaar.regression.ExcelData"/>
  <system-out/>
</testsuite> <!-- com.policybazaar.regression.ExcelData -->
