<?xml version="1.0" encoding="UTF-8"?>
<!-- Generated by org.testng.reporters.JUnitReportReporter -->
<testsuite skipped="0" hostname="DESKTOP-9QHAP3G" name="com.policybazaar.regression.TravelInsurance" tests="4" failures="0" timestamp="2022-01-08T00:42:40 IST" time="65.546" errors="0">
  <testcase name="searchForTravelInsurance" time="18.532" classname="com.policybazaar.regression.TravelInsurance"/>
  <system-out/>
  <testcase name="searchForTravelInsurance" time="22.719" classname="com.policybazaar.regression.TravelInsurance"/>
  <system-out/>
  <testcase name="searchForTravelInsurance" time="16.935" classname="com.policybazaar.regression.TravelInsurance"/>
  <system-out/>
  <testcase name="searchForTravelInsurance" time="7.360" classname="com.policybazaar.regression.TravelInsurance"/>
  <system-out/>
</testsuite> <!-- com.policybazaar.regression.TravelInsurance -->
