<?xml version="1.0" encoding="UTF-8"?>
<!-- Generated by org.testng.reporters.JUnitReportReporter -->
<testsuite skipped="0" hostname="DESKTOP-9QHAP3G" name="com.policybazaar.smoke.TravelInsurance" tests="8" failures="0" timestamp="2022-01-07T18:25:26 IST" time="11.759" errors="0">
  <testcase name="searchForTravelInsurance" time="1.450" classname="com.policybazaar.smoke.TravelInsurance"/>
  <system-out/>
  <testcase name="selectDestination" time="1.500" classname="com.policybazaar.smoke.TravelInsurance"/>
  <system-out/>
  <testcase name="selectDates" time="1.971" classname="com.policybazaar.smoke.TravelInsurance"/>
  <system-out/>
  <testcase name="selectNoOfPeople" time="0.529" classname="com.policybazaar.smoke.TravelInsurance"/>
  <system-out/>
  <testcase name="selectMedicalCondition" time="0.174" classname="com.policybazaar.smoke.TravelInsurance"/>
  <system-out/>
  <testcase name="enterMobileNumber" time="0.965" classname="com.policybazaar.smoke.TravelInsurance"/>
  <system-out/>
  <testcase name="sortByLowToHigh" time="4.788" classname="com.policybazaar.smoke.TravelInsurance"/>
  <system-out/>
  <testcase name="displayTopThree" time="0.382" classname="com.policybazaar.smoke.TravelInsurance"/>
  <system-out/>
</testsuite> <!-- com.policybazaar.smoke.TravelInsurance -->
