<?xml version="1.0" encoding="UTF-8"?>
<!-- Generated by org.testng.reporters.JUnitReportReporter -->
<testsuite skipped="0" hostname="DESKTOP-9QHAP3G" name="com.policybazaar.smoke.CarInsurance" tests="10" failures="0" timestamp="2022-01-07T18:25:26 IST" time="66.114" errors="0">
  <testcase name="searchForCarInsurance" time="0.984" classname="com.policybazaar.smoke.CarInsurance"/>
  <system-out/>
  <testcase name="carNumber" time="2.755" classname="com.policybazaar.smoke.CarInsurance"/>
  <system-out/>
  <testcase name="fuel" time="1.344" classname="com.policybazaar.smoke.CarInsurance"/>
  <system-out/>
  <testcase name="fillDetails" time="4.530" classname="com.policybazaar.smoke.CarInsurance"/>
  <system-out/>
  <testcase name="fillDetails" time="33.037" classname="com.policybazaar.smoke.CarInsurance"/>
  <system-out/>
  <testcase name="fillDetails" time="4.550" classname="com.policybazaar.smoke.CarInsurance"/>
  <system-out/>
  <testcase name="fillDetails" time="5.251" classname="com.policybazaar.smoke.CarInsurance"/>
  <system-out/>
  <testcase name="fillDetails" time="4.550" classname="com.policybazaar.smoke.CarInsurance"/>
  <system-out/>
  <testcase name="fillDetails" time="4.581" classname="com.policybazaar.smoke.CarInsurance"/>
  <system-out/>
  <testcase name="fillDetails" time="4.532" classname="com.policybazaar.smoke.CarInsurance"/>
  <system-out/>
</testsuite> <!-- com.policybazaar.smoke.CarInsurance -->
