<?xml version="1.0" encoding="UTF-8"?>
<!-- Generated by org.testng.reporters.JUnitReportReporter -->
<testsuite skipped="0" hostname="DESKTOP-9QHAP3G" name="com.policybazaar.regression.CarInsurance" tests="3" failures="0" timestamp="2022-01-07T18:25:26 IST" time="45.271" errors="0">
  <testcase name="searchForCarInsurance" time="16.314" classname="com.policybazaar.regression.CarInsurance"/>
  <system-out/>
  <testcase name="searchForCarInsurance" time="13.654" classname="com.policybazaar.regression.CarInsurance"/>
  <system-out/>
  <testcase name="searchForCarInsurance" time="15.303" classname="com.policybazaar.regression.CarInsurance"/>
  <system-out/>
</testsuite> <!-- com.policybazaar.regression.CarInsurance -->
