<?xml version="1.0" encoding="UTF-8"?>
<!-- Generated by org.testng.reporters.JUnitReportReporter -->
<testsuite skipped="0" hostname="DESKTOP-9QHAP3G" name="com.policybazaar.regression.TravelInsurance" tests="4" failures="0" timestamp="2022-01-07T18:25:26 IST" time="44.813" errors="0">
  <testcase name="searchForTravelInsurance" time="19.318" classname="com.policybazaar.regression.TravelInsurance"/>
  <system-out/>
  <testcase name="searchForTravelInsurance" time="5.512" classname="com.policybazaar.regression.TravelInsurance"/>
  <system-out/>
  <testcase name="searchForTravelInsurance" time="13.536" classname="com.policybazaar.regression.TravelInsurance"/>
  <system-out/>
  <testcase name="searchForTravelInsurance" time="6.447" classname="com.policybazaar.regression.TravelInsurance"/>
  <system-out/>
</testsuite> <!-- com.policybazaar.regression.TravelInsurance -->
